  App.cpp
D:\GitHub\Proyecto (116,41): warning C4305: 'argumento': truncamiento de 'double' a 'T'
D:\GitHub\Proyecto (116,41): warning C4305:         with
D:\GitHub\Proyecto (116,41): warning C4305:         [
D:\GitHub\Proyecto (116,41): warning C4305:             T=float
D:\GitHub\Proyecto (116,41): warning C4305:         ]
D:\GitHub\Proyecto (116,34): warning C4305: 'argumento': truncamiento de 'double' a 'T'
D:\GitHub\Proyecto (116,34): warning C4305:         with
D:\GitHub\Proyecto (116,34): warning C4305:         [
D:\GitHub\Proyecto (116,34): warning C4305:             T=float
D:\GitHub\Proyecto (116,34): warning C4305:         ]
D:\GitHub\Proyecto (120,22): warning C4305: 'inicializando': truncamiento de 'double' a 'float'
D:\GitHub\Proyecto (121,40): warning C4305: 'argumento': truncamiento de 'double' a 'T'
D:\GitHub\Proyecto (121,40): warning C4305:         with
D:\GitHub\Proyecto (121,40): warning C4305:         [
D:\GitHub\Proyecto (121,40): warning C4305:             T=float
D:\GitHub\Proyecto (121,40): warning C4305:         ]
D:\GitHub\Proyecto (121,33): warning C4305: 'argumento': truncamiento de 'double' a 'T'
D:\GitHub\Proyecto (121,33): warning C4305:         with
D:\GitHub\Proyecto (121,33): warning C4305:         [
D:\GitHub\Proyecto (121,33): warning C4305:             T=float
D:\GitHub\Proyecto (121,33): warning C4305:         ]
D:\GitHub\Proyecto (129,22): warning C4305: 'inicializando': truncamiento de 'double' a 'float'
D:\GitHub\Proyecto (131,47): warning C4305: 'argumento': truncamiento de 'double' a 'T'
D:\GitHub\Proyecto (131,47): warning C4305:         with
D:\GitHub\Proyecto (131,47): warning C4305:         [
D:\GitHub\Proyecto (131,47): warning C4305:             T=float
D:\GitHub\Proyecto (131,47): warning C4305:         ]
D:\GitHub\Proyecto (131,40): warning C4305: 'argumento': truncamiento de 'double' a 'T'
D:\GitHub\Proyecto (131,40): warning C4305:         with
D:\GitHub\Proyecto (131,40): warning C4305:         [
D:\GitHub\Proyecto (131,40): warning C4305:             T=float
D:\GitHub\Proyecto (131,40): warning C4305:         ]
D:\GitHub\Proyecto (134,23): warning C4305: '+=': truncamiento de 'double' a 'float'
D:\GitHub\Proyecto (182,49): warning C4244: 'argumento': conversión de 'T' a 'int'; posible pérdida de datos
D:\GitHub\Proyecto (182,49): warning C4244:         with
D:\GitHub\Proyecto (182,49): warning C4244:         [
D:\GitHub\Proyecto (182,49): warning C4244:             T=float
D:\GitHub\Proyecto (182,49): warning C4244:         ]
D:\GitHub\Proyecto (182,37): warning C4244: 'argumento': conversión de 'T' a 'int'; posible pérdida de datos
D:\GitHub\Proyecto (182,37): warning C4244:         with
D:\GitHub\Proyecto (182,37): warning C4244:         [
D:\GitHub\Proyecto (182,37): warning C4244:             T=float
D:\GitHub\Proyecto (182,37): warning C4244:         ]
  Source.cpp
  Generando código...
  2do Proyecto programacion 1 2024.vcxproj -> D:\GitHub\Proyecto #2 progra 1\Proyecto-2-progra-1\2do Proyecto programacion 1 2024\x64\Debug\2do Proyecto programacion 1 2024.exe
